<?xml version="1.0" encoding="UTF-8"?>
<!-- Generated by org.testng.reporters.JUnitXMLReporter -->
<testsuite hostname="DanielSchonfeldMac.local" ignored="0" name="Default test" tests="3" failures="0" timestamp="25 Aug 2017 01:07:54 GMT" time="3.239" errors="0">
  <testcase name="invalidLoginTest" time="0.791" classname="testSuites.TestLogin"/>
  <testcase name="invalidLoginTest" time="0.958" classname="testSuites.TestLogin"/>
  <testcase name="loginTest" time="0.842" classname="testSuites.TestLogin"/>
</testsuite> <!-- Default test -->
