<?xml version="1.0" encoding="UTF-8"?>
<!-- Generated by org.testng.reporters.JUnitXMLReporter -->
<testsuite hostname="DanielSchonfeldMac.local" ignored="0" name="Default test" tests="3" failures="0" timestamp="22 Aug 2017 19:59:37 GMT" time="3.303" errors="0">
  <testcase name="invalidLoginTest" time="0.823" classname="testSuites.TestLogin"/>
  <testcase name="invalidLoginTest" time="0.664" classname="testSuites.TestLogin"/>
  <testcase name="loginTest" time="0.886" classname="testSuites.TestLogin"/>
</testsuite> <!-- Default test -->
