<?xml version="1.0" encoding="UTF-8"?>
<!-- Generated by org.testng.reporters.JUnitXMLReporter -->
<testsuite hostname="DanielSchonfeldMac.local" ignored="0" name="TestLogin" tests="2" failures="0" timestamp="22 Aug 2017 19:26:48 GMT" time="1.803" errors="0">
  <testcase name="invalidLoginTest" time="0.0" classname="testSuites.TestLogin">
    <skipped/>
  </testcase> <!-- invalidLoginTest -->
  <testcase name="loginTest" time="1.624" classname="testSuites.TestLogin"/>
</testsuite> <!-- TestLogin -->
