<?xml version="1.0" encoding="UTF-8"?>
<testng-results skipped="0" failed="0" ignored="0" total="3" passed="3">
  <reporter-output>
  </reporter-output>
  <suite name="Default suite" duration-ms="3303" started-at="2017-08-22T19:59:29Z" finished-at="2017-08-22T19:59:32Z">
    <groups>
    </groups>
    <test name="Default test" duration-ms="3303" started-at="2017-08-22T19:59:29Z" finished-at="2017-08-22T19:59:32Z">
      <class name="testSuites.TestLogin">
        <test-method status="PASS" signature="setUp()[pri:0, instance:testSuites.TestLogin@4e50c791]" name="setUp" is-config="true" duration-ms="3794" started-at="2017-08-22T12:59:25Z" finished-at="2017-08-22T12:59:29Z">
          <reporter-output>
          </reporter-output>
        </test-method> <!-- setUp -->
        <test-method status="PASS" signature="testSetUp()[pri:0, instance:testSuites.TestLogin@4e50c791]" name="testSetUp" is-config="true" duration-ms="303" started-at="2017-08-22T12:59:29Z" finished-at="2017-08-22T12:59:29Z">
          <reporter-output>
          </reporter-output>
        </test-method> <!-- testSetUp -->
        <test-method status="PASS" signature="invalidLoginTest(java.lang.String, java.lang.String)[pri:0, instance:testSuites.TestLogin@4e50c791]" name="invalidLoginTest" duration-ms="823" started-at="2017-08-22T12:59:29Z" data-provider="getData" finished-at="2017-08-22T12:59:30Z">
          <params>
            <param index="0">
              <value>
                <![CDATA[tester 2]]>
              </value>
            </param>
            <param index="1">
              <value>
                <![CDATA[password1]]>
              </value>
            </param>
          </params>
          <reporter-output>
          </reporter-output>
        </test-method> <!-- invalidLoginTest -->
        <test-method status="PASS" signature="testSetUp()[pri:0, instance:testSuites.TestLogin@4e50c791]" name="testSetUp" is-config="true" duration-ms="422" started-at="2017-08-22T12:59:30Z" finished-at="2017-08-22T12:59:30Z">
          <reporter-output>
          </reporter-output>
        </test-method> <!-- testSetUp -->
        <test-method status="PASS" signature="invalidLoginTest(java.lang.String, java.lang.String)[pri:0, instance:testSuites.TestLogin@4e50c791]" name="invalidLoginTest" duration-ms="664" started-at="2017-08-22T12:59:30Z" data-provider="getData" finished-at="2017-08-22T12:59:31Z">
          <params>
            <param index="0">
              <value>
                <![CDATA[tester 3]]>
              </value>
            </param>
            <param index="1">
              <value>
                <![CDATA[password2]]>
              </value>
            </param>
          </params>
          <reporter-output>
          </reporter-output>
        </test-method> <!-- invalidLoginTest -->
        <test-method status="PASS" signature="testSetUp()[pri:0, instance:testSuites.TestLogin@4e50c791]" name="testSetUp" is-config="true" duration-ms="170" started-at="2017-08-22T12:59:31Z" finished-at="2017-08-22T12:59:31Z">
          <reporter-output>
          </reporter-output>
        </test-method> <!-- testSetUp -->
        <test-method status="PASS" signature="loginTest()[pri:0, instance:testSuites.TestLogin@4e50c791]" name="loginTest" duration-ms="886" started-at="2017-08-22T12:59:31Z" finished-at="2017-08-22T12:59:32Z">
          <reporter-output>
          </reporter-output>
        </test-method> <!-- loginTest -->
        <test-method status="PASS" signature="tearDown()[pri:0, instance:testSuites.TestLogin@4e50c791]" name="tearDown" is-config="true" duration-ms="324" started-at="2017-08-22T12:59:37Z" finished-at="2017-08-22T12:59:38Z">
          <reporter-output>
          </reporter-output>
        </test-method> <!-- tearDown -->
      </class> <!-- testSuites.TestLogin -->
    </test> <!-- Default test -->
  </suite> <!-- Default suite -->
</testng-results>
